<?xml version="1.0" encoding="UTF-8"?>
<testsuite name="UserRegistrationTest" tests="1" skipped="0" failures="0" errors="0" timestamp="2023-03-21T11:44:41" hostname="DESKTOP-8DFC9JM" time="0.033">
  <properties/>
  <testcase name="givenPasswordWithoutMinNumOfCharShouldReturnFalse()" classname="UserRegistrationTest" time="0.033"/>
  <system-out><![CDATA[]]></system-out>
  <system-err><![CDATA[]]></system-err>
</testsuite>
